{"C:\\Users\\Luciano\\Desktop\\saludrednorte\\ts-microservicios\\bff\\src\\auth\\authController.ts": {"path":"C:\\Users\\Luciano\\Desktop\\saludrednorte\\ts-microservicios\\bff\\src\\auth\\authController.ts","statementMap":{"0":{"start":{"line":8,"column":0},"end":{"line":8,"column":16}},"1":{"start":{"line":2,"column":0},"end":{"line":2,"column":31}},"2":{"start":{"line":3,"column":0},"end":{"line":3,"column":41}},"3":{"start":{"line":5,"column":13},"end":{"line":5,"column":80}},"4":{"start":{"line":6,"column":13},"end":{"line":6,"column":32}},"5":{"start":{"line":9,"column":33},"end":{"line":9,"column":41}},"6":{"start":{"line":11,"column":2},"end":{"line":14,"column":3}},"7":{"start":{"line":12,"column":4},"end":{"line":12,"column":74}},"8":{"start":{"line":13,"column":4},"end":{"line":13,"column":11}},"9":{"start":{"line":16,"column":18},"end":{"line":16,"column":42}},"10":{"start":{"line":18,"column":2},"end":{"line":21,"column":3}},"11":{"start":{"line":19,"column":4},"end":{"line":19,"column":62}},"12":{"start":{"line":20,"column":4},"end":{"line":20,"column":11}},"13":{"start":{"line":23,"column":18},"end":{"line":28,"column":4}},"14":{"start":{"line":30,"column":16},"end":{"line":30,"column":73}},"15":{"start":{"line":32,"column":2},"end":{"line":40,"column":5}}},"fnMap":{"0":{"name":"login","decl":{"start":{"line":8,"column":16},"end":{"line":8,"column":21}},"loc":{"start":{"line":8,"column":49},"end":{"line":41,"column":1}}}},"branchMap":{"0":{"loc":{"start":{"line":5,"column":26},"end":{"line":5,"column":79}},"type":"binary-expr","locations":[{"start":{"line":5,"column":26},"end":{"line":5,"column":48}},{"start":{"line":5,"column":52},"end":{"line":5,"column":79}}]},"1":{"loc":{"start":{"line":11,"column":2},"end":{"line":14,"column":3}},"type":"if","locations":[{"start":{"line":11,"column":2},"end":{"line":14,"column":3}}]},"2":{"loc":{"start":{"line":11,"column":6},"end":{"line":11,"column":28}},"type":"binary-expr","locations":[{"start":{"line":11,"column":6},"end":{"line":11,"column":15}},{"start":{"line":11,"column":19},"end":{"line":11,"column":28}}]},"3":{"loc":{"start":{"line":18,"column":2},"end":{"line":21,"column":3}},"type":"if","locations":[{"start":{"line":18,"column":2},"end":{"line":21,"column":3}}]},"4":{"loc":{"start":{"line":18,"column":6},"end":{"line":18,"column":47}},"type":"binary-expr","locations":[{"start":{"line":18,"column":6},"end":{"line":18,"column":14}},{"start":{"line":18,"column":18},"end":{"line":18,"column":47}}]}},"s":{"0":0,"1":0,"2":0,"3":0,"4":0,"5":0,"6":0,"7":0,"8":0,"9":0,"10":0,"11":0,"12":0,"13":0,"14":0,"15":0},"f":{"0":0},"b":{"0":[0,0],"1":[0],"2":[0,0],"3":[0],"4":[0,0]}}
,"C:\\Users\\Luciano\\Desktop\\saludrednorte\\ts-microservicios\\bff\\src\\auth\\users.ts": {"path":"C:\\Users\\Luciano\\Desktop\\saludrednorte\\ts-microservicios\\bff\\src\\auth\\users.ts","statementMap":{"0":{"start":{"line":40,"column":0},"end":{"line":40,"column":16}},"1":{"start":{"line":16,"column":13},"end":{"line":38,"column":2}},"2":{"start":{"line":41,"column":2},"end":{"line":41,"column":53}},"3":{"start":{"line":41,"column":28},"end":{"line":41,"column":51}}},"fnMap":{"0":{"name":"findByUsername","decl":{"start":{"line":40,"column":16},"end":{"line":40,"column":30}},"loc":{"start":{"line":40,"column":47},"end":{"line":42,"column":1}}},"1":{"name":"(anonymous_1)","decl":{"start":{"line":41,"column":23},"end":{"line":41,"column":24}},"loc":{"start":{"line":41,"column":28},"end":{"line":41,"column":51}}}},"branchMap":{},"s":{"0":0,"1":0,"2":0,"3":0},"f":{"0":0,"1":0},"b":{}}
,"C:\\Users\\Luciano\\Desktop\\saludrednorte\\ts-microservicios\\bff\\src\\clients\\serviceClients.ts": {"path":"C:\\Users\\Luciano\\Desktop\\saludrednorte\\ts-microservicios\\bff\\src\\clients\\serviceClients.ts","statementMap":{"0":{"start":{"line":26,"column":0},"end":{"line":26,"column":16}},"1":{"start":{"line":6,"column":0},"end":{"line":6,"column":26}},"2":{"start":{"line":8,"column":16},"end":{"line":8,"column":20}},"3":{"start":{"line":10,"column":13},"end":{"line":13,"column":3}},"4":{"start":{"line":15,"column":13},"end":{"line":18,"column":3}},"5":{"start":{"line":20,"column":13},"end":{"line":23,"column":3}},"6":{"start":{"line":27,"column":2},"end":{"line":29,"column":3}},"7":{"start":{"line":28,"column":4},"end":{"line":28,"column":56}},"8":{"start":{"line":30,"column":2},"end":{"line":30,"column":25}}},"fnMap":{"0":{"name":"extractError","decl":{"start":{"line":26,"column":16},"end":{"line":26,"column":28}},"loc":{"start":{"line":26,"column":43},"end":{"line":31,"column":1}}}},"branchMap":{"0":{"loc":{"start":{"line":11,"column":11},"end":{"line":11,"column":70}},"type":"binary-expr","locations":[{"start":{"line":11,"column":11},"end":{"line":11,"column":43}},{"start":{"line":11,"column":47},"end":{"line":11,"column":70}}]},"1":{"loc":{"start":{"line":16,"column":11},"end":{"line":16,"column":71}},"type":"binary-expr","locations":[{"start":{"line":16,"column":11},"end":{"line":16,"column":44}},{"start":{"line":16,"column":48},"end":{"line":16,"column":71}}]},"2":{"loc":{"start":{"line":21,"column":11},"end":{"line":21,"column":74}},"type":"binary-expr","locations":[{"start":{"line":21,"column":11},"end":{"line":21,"column":47}},{"start":{"line":21,"column":51},"end":{"line":21,"column":74}}]},"3":{"loc":{"start":{"line":27,"column":2},"end":{"line":29,"column":3}},"type":"if","locations":[{"start":{"line":27,"column":2},"end":{"line":29,"column":3}}]},"4":{"loc":{"start":{"line":28,"column":11},"end":{"line":28,"column":55}},"type":"binary-expr","locations":[{"start":{"line":28,"column":11},"end":{"line":28,"column":38}},{"start":{"line":28,"column":42},"end":{"line":28,"column":55}}]}},"s":{"0":0,"1":0,"2":0,"3":0,"4":0,"5":0,"6":0,"7":0,"8":0},"f":{"0":0},"b":{"0":[0,0],"1":[0,0],"2":[0,0],"3":[0],"4":[0,0]}}
,"C:\\Users\\Luciano\\Desktop\\saludrednorte\\ts-microservicios\\bff\\src\\middleware\\authMiddleware.ts": {"path":"C:\\Users\\Luciano\\Desktop\\saludrednorte\\ts-microservicios\\bff\\src\\middleware\\authMiddleware.ts","statementMap":{"0":{"start":{"line":27,"column":0},"end":{"line":27,"column":16}},"1":{"start":{"line":49,"column":0},"end":{"line":49,"column":16}},"2":{"start":{"line":2,"column":0},"end":{"line":2,"column":31}},"3":{"start":{"line":3,"column":0},"end":{"line":3,"column":52}},"4":{"start":{"line":28,"column":21},"end":{"line":28,"column":46}},"5":{"start":{"line":30,"column":2},"end":{"line":33,"column":3}},"6":{"start":{"line":31,"column":4},"end":{"line":31,"column":72}},"7":{"start":{"line":32,"column":4},"end":{"line":32,"column":11}},"8":{"start":{"line":35,"column":16},"end":{"line":35,"column":40}},"9":{"start":{"line":37,"column":2},"end":{"line":43,"column":3}},"10":{"start":{"line":38,"column":20},"end":{"line":38,"column":65}},"11":{"start":{"line":39,"column":4},"end":{"line":39,"column":26}},"12":{"start":{"line":40,"column":4},"end":{"line":40,"column":11}},"13":{"start":{"line":42,"column":4},"end":{"line":42,"column":65}},"14":{"start":{"line":50,"column":2},"end":{"line":60,"column":4}},"15":{"start":{"line":51,"column":4},"end":{"line":54,"column":5}},"16":{"start":{"line":52,"column":6},"end":{"line":52,"column":56}},"17":{"start":{"line":53,"column":6},"end":{"line":53,"column":13}},"18":{"start":{"line":55,"column":4},"end":{"line":58,"column":5}},"19":{"start":{"line":56,"column":6},"end":{"line":56,"column":96}},"20":{"start":{"line":57,"column":6},"end":{"line":57,"column":13}},"21":{"start":{"line":59,"column":4},"end":{"line":59,"column":11}}},"fnMap":{"0":{"name":"requireAuth","decl":{"start":{"line":27,"column":16},"end":{"line":27,"column":27}},"loc":{"start":{"line":27,"column":75},"end":{"line":44,"column":1}}},"1":{"name":"requireRol","decl":{"start":{"line":49,"column":16},"end":{"line":49,"column":26}},"loc":{"start":{"line":49,"column":42},"end":{"line":61,"column":1}}},"2":{"name":"(anonymous_3)","decl":{"start":{"line":50,"column":9},"end":{"line":50,"column":10}},"loc":{"start":{"line":50,"column":67},"end":{"line":60,"column":3}}}},"branchMap":{"0":{"loc":{"start":{"line":30,"column":2},"end":{"line":33,"column":3}},"type":"if","locations":[{"start":{"line":30,"column":2},"end":{"line":33,"column":3}}]},"1":{"loc":{"start":{"line":30,"column":6},"end":{"line":30,"column":54}},"type":"binary-expr","locations":[{"start":{"line":30,"column":6},"end":{"line":30,"column":17}},{"start":{"line":30,"column":21},"end":{"line":30,"column":54}}]},"2":{"loc":{"start":{"line":51,"column":4},"end":{"line":54,"column":5}},"type":"if","locations":[{"start":{"line":51,"column":4},"end":{"line":54,"column":5}}]},"3":{"loc":{"start":{"line":55,"column":4},"end":{"line":58,"column":5}},"type":"if","locations":[{"start":{"line":55,"column":4},"end":{"line":58,"column":5}}]}},"s":{"0":0,"1":0,"2":0,"3":0,"4":0,"5":0,"6":0,"7":0,"8":0,"9":0,"10":0,"11":0,"12":0,"13":0,"14":0,"15":0,"16":0,"17":0,"18":0,"19":0,"20":0,"21":0},"f":{"0":0,"1":0,"2":0},"b":{"0":[0],"1":[0,0],"2":[0],"3":[0]}}
,"C:\\Users\\Luciano\\Desktop\\saludrednorte\\ts-microservicios\\bff\\src\\routes\\listaEspera.routes.ts": {"path":"C:\\Users\\Luciano\\Desktop\\saludrednorte\\ts-microservicios\\bff\\src\\routes\\listaEspera.routes.ts","statementMap":{"0":{"start":{"line":1,"column":0},"end":{"line":1,"column":52}},"1":{"start":{"line":2,"column":0},"end":{"line":2,"column":76}},"2":{"start":{"line":4,"column":15},"end":{"line":4,"column":23}},"3":{"start":{"line":7,"column":0},"end":{"line":14,"column":3}},"4":{"start":{"line":8,"column":2},"end":{"line":13,"column":3}},"5":{"start":{"line":9,"column":21},"end":{"line":9,"column":88}},"6":{"start":{"line":10,"column":4},"end":{"line":10,"column":19}},"7":{"start":{"line":12,"column":4},"end":{"line":12,"column":102}},"8":{"start":{"line":17,"column":0},"end":{"line":24,"column":3}},"9":{"start":{"line":18,"column":2},"end":{"line":23,"column":3}},"10":{"start":{"line":19,"column":21},"end":{"line":19,"column":73}},"11":{"start":{"line":20,"column":4},"end":{"line":20,"column":19}},"12":{"start":{"line":22,"column":4},"end":{"line":22,"column":94}},"13":{"start":{"line":27,"column":0},"end":{"line":35,"column":3}},"14":{"start":{"line":28,"column":2},"end":{"line":34,"column":3}},"15":{"start":{"line":29,"column":21},"end":{"line":29,"column":82}},"16":{"start":{"line":30,"column":4},"end":{"line":30,"column":19}},"17":{"start":{"line":32,"column":20},"end":{"line":32,"column":58}},"18":{"start":{"line":33,"column":4},"end":{"line":33,"column":97}},"19":{"start":{"line":38,"column":0},"end":{"line":46,"column":3}},"20":{"start":{"line":39,"column":2},"end":{"line":45,"column":3}},"21":{"start":{"line":40,"column":21},"end":{"line":40,"column":92}},"22":{"start":{"line":41,"column":4},"end":{"line":41,"column":19}},"23":{"start":{"line":43,"column":20},"end":{"line":43,"column":58}},"24":{"start":{"line":44,"column":4},"end":{"line":44,"column":100}},"25":{"start":{"line":49,"column":0},"end":{"line":57,"column":3}},"26":{"start":{"line":50,"column":2},"end":{"line":56,"column":3}},"27":{"start":{"line":51,"column":21},"end":{"line":51,"column":85}},"28":{"start":{"line":52,"column":4},"end":{"line":52,"column":19}},"29":{"start":{"line":54,"column":20},"end":{"line":54,"column":58}},"30":{"start":{"line":55,"column":4},"end":{"line":55,"column":98}},"31":{"start":{"line":59,"column":0},"end":{"line":59,"column":22}}},"fnMap":{"0":{"name":"(anonymous_0)","decl":{"start":{"line":7,"column":16},"end":{"line":7,"column":21}},"loc":{"start":{"line":7,"column":54},"end":{"line":14,"column":1}}},"1":{"name":"(anonymous_1)","decl":{"start":{"line":17,"column":23},"end":{"line":17,"column":28}},"loc":{"start":{"line":17,"column":53},"end":{"line":24,"column":1}}},"2":{"name":"(anonymous_2)","decl":{"start":{"line":27,"column":19},"end":{"line":27,"column":24}},"loc":{"start":{"line":27,"column":57},"end":{"line":35,"column":1}}},"3":{"name":"(anonymous_3)","decl":{"start":{"line":38,"column":19},"end":{"line":38,"column":24}},"loc":{"start":{"line":38,"column":57},"end":{"line":46,"column":1}}},"4":{"name":"(anonymous_4)","decl":{"start":{"line":49,"column":22},"end":{"line":49,"column":27}},"loc":{"start":{"line":49,"column":60},"end":{"line":57,"column":1}}}},"branchMap":{"0":{"loc":{"start":{"line":32,"column":20},"end":{"line":32,"column":58}},"type":"binary-expr","locations":[{"start":{"line":32,"column":20},"end":{"line":32,"column":51}},{"start":{"line":32,"column":55},"end":{"line":32,"column":58}}]},"1":{"loc":{"start":{"line":43,"column":20},"end":{"line":43,"column":58}},"type":"binary-expr","locations":[{"start":{"line":43,"column":20},"end":{"line":43,"column":51}},{"start":{"line":43,"column":55},"end":{"line":43,"column":58}}]},"2":{"loc":{"start":{"line":54,"column":20},"end":{"line":54,"column":58}},"type":"binary-expr","locations":[{"start":{"line":54,"column":20},"end":{"line":54,"column":51}},{"start":{"line":54,"column":55},"end":{"line":54,"column":58}}]}},"s":{"0":0,"1":0,"2":0,"3":0,"4":0,"5":0,"6":0,"7":0,"8":0,"9":0,"10":0,"11":0,"12":0,"13":0,"14":0,"15":0,"16":0,"17":0,"18":0,"19":0,"20":0,"21":0,"22":0,"23":0,"24":0,"25":0,"26":0,"27":0,"28":0,"29":0,"30":0,"31":0},"f":{"0":0,"1":0,"2":0,"3":0,"4":0},"b":{"0":[0,0],"1":[0,0],"2":[0,0]}}
,"C:\\Users\\Luciano\\Desktop\\saludrednorte\\ts-microservicios\\bff\\src\\routes\\paciente.routes.ts": {"path":"C:\\Users\\Luciano\\Desktop\\saludrednorte\\ts-microservicios\\bff\\src\\routes\\paciente.routes.ts","statementMap":{"0":{"start":{"line":1,"column":0},"end":{"line":1,"column":52}},"1":{"start":{"line":2,"column":0},"end":{"line":2,"column":109}},"2":{"start":{"line":4,"column":15},"end":{"line":4,"column":23}},"3":{"start":{"line":7,"column":0},"end":{"line":14,"column":3}},"4":{"start":{"line":8,"column":2},"end":{"line":13,"column":3}},"5":{"start":{"line":9,"column":21},"end":{"line":9,"column":58}},"6":{"start":{"line":10,"column":4},"end":{"line":10,"column":19}},"7":{"start":{"line":12,"column":4},"end":{"line":12,"column":96}},"8":{"start":{"line":17,"column":0},"end":{"line":53,"column":3}},"9":{"start":{"line":18,"column":2},"end":{"line":52,"column":3}},"10":{"start":{"line":19,"column":19},"end":{"line":19,"column":29}},"11":{"start":{"line":22,"column":42},"end":{"line":25,"column":6}},"12":{"start":{"line":27,"column":4},"end":{"line":30,"column":5}},"13":{"start":{"line":28,"column":6},"end":{"line":28,"column":64}},"14":{"start":{"line":29,"column":6},"end":{"line":29,"column":13}},"15":{"start":{"line":32,"column":21},"end":{"line":32,"column":43}},"16":{"start":{"line":33,"column":24},"end":{"line":35,"column":10}},"17":{"start":{"line":38,"column":36},"end":{"line":46,"column":null}},"18":{"start":{"line":40,"column":8},"end":{"line":45,"column":9}},"19":{"start":{"line":41,"column":34},"end":{"line":41,"column":96}},"20":{"start":{"line":42,"column":10},"end":{"line":42,"column":46}},"21":{"start":{"line":44,"column":10},"end":{"line":44,"column":45}},"22":{"start":{"line":49,"column":4},"end":{"line":49,"column":68}},"23":{"start":{"line":51,"column":4},"end":{"line":51,"column":107}},"24":{"start":{"line":56,"column":0},"end":{"line":64,"column":3}},"25":{"start":{"line":57,"column":2},"end":{"line":63,"column":3}},"26":{"start":{"line":58,"column":21},"end":{"line":58,"column":69}},"27":{"start":{"line":59,"column":4},"end":{"line":59,"column":31}},"28":{"start":{"line":61,"column":20},"end":{"line":61,"column":58}},"29":{"start":{"line":62,"column":4},"end":{"line":62,"column":96}},"30":{"start":{"line":67,"column":0},"end":{"line":75,"column":3}},"31":{"start":{"line":68,"column":2},"end":{"line":74,"column":3}},"32":{"start":{"line":69,"column":21},"end":{"line":69,"column":85}},"33":{"start":{"line":70,"column":4},"end":{"line":70,"column":19}},"34":{"start":{"line":72,"column":20},"end":{"line":72,"column":58}},"35":{"start":{"line":73,"column":4},"end":{"line":73,"column":101}},"36":{"start":{"line":78,"column":0},"end":{"line":86,"column":3}},"37":{"start":{"line":79,"column":2},"end":{"line":85,"column":3}},"38":{"start":{"line":80,"column":21},"end":{"line":80,"column":78}},"39":{"start":{"line":81,"column":4},"end":{"line":81,"column":19}},"40":{"start":{"line":83,"column":20},"end":{"line":83,"column":58}},"41":{"start":{"line":84,"column":4},"end":{"line":84,"column":99}},"42":{"start":{"line":88,"column":0},"end":{"line":88,"column":22}}},"fnMap":{"0":{"name":"(anonymous_0)","decl":{"start":{"line":7,"column":16},"end":{"line":7,"column":21}},"loc":{"start":{"line":7,"column":46},"end":{"line":14,"column":1}}},"1":{"name":"(anonymous_1)","decl":{"start":{"line":17,"column":19},"end":{"line":17,"column":24}},"loc":{"start":{"line":17,"column":57},"end":{"line":53,"column":1}}},"2":{"name":"(anonymous_2)","decl":{"start":{"line":39,"column":22},"end":{"line":39,"column":27}},"loc":{"start":{"line":39,"column":39},"end":{"line":46,"column":7}}},"3":{"name":"(anonymous_3)","decl":{"start":{"line":56,"column":17},"end":{"line":56,"column":22}},"loc":{"start":{"line":56,"column":55},"end":{"line":64,"column":1}}},"4":{"name":"(anonymous_4)","decl":{"start":{"line":67,"column":19},"end":{"line":67,"column":24}},"loc":{"start":{"line":67,"column":57},"end":{"line":75,"column":1}}},"5":{"name":"(anonymous_5)","decl":{"start":{"line":78,"column":22},"end":{"line":78,"column":27}},"loc":{"start":{"line":78,"column":60},"end":{"line":86,"column":1}}}},"branchMap":{"0":{"loc":{"start":{"line":27,"column":4},"end":{"line":30,"column":5}},"type":"if","locations":[{"start":{"line":27,"column":4},"end":{"line":30,"column":5}}]},"1":{"loc":{"start":{"line":33,"column":24},"end":{"line":35,"column":10}},"type":"cond-expr","locations":[{"start":{"line":34,"column":9},"end":{"line":34,"column":82}},{"start":{"line":35,"column":8},"end":{"line":35,"column":10}}]},"2":{"loc":{"start":{"line":34,"column":9},"end":{"line":34,"column":82}},"type":"cond-expr","locations":[{"start":{"line":34,"column":52},"end":{"line":34,"column":77}},{"start":{"line":34,"column":80},"end":{"line":34,"column":82}}]},"3":{"loc":{"start":{"line":61,"column":20},"end":{"line":61,"column":58}},"type":"binary-expr","locations":[{"start":{"line":61,"column":20},"end":{"line":61,"column":51}},{"start":{"line":61,"column":55},"end":{"line":61,"column":58}}]},"4":{"loc":{"start":{"line":72,"column":20},"end":{"line":72,"column":58}},"type":"binary-expr","locations":[{"start":{"line":72,"column":20},"end":{"line":72,"column":51}},{"start":{"line":72,"column":55},"end":{"line":72,"column":58}}]},"5":{"loc":{"start":{"line":83,"column":20},"end":{"line":83,"column":58}},"type":"binary-expr","locations":[{"start":{"line":83,"column":20},"end":{"line":83,"column":51}},{"start":{"line":83,"column":55},"end":{"line":83,"column":58}}]}},"s":{"0":0,"1":0,"2":0,"3":0,"4":0,"5":0,"6":0,"7":0,"8":0,"9":0,"10":0,"11":0,"12":0,"13":0,"14":0,"15":0,"16":0,"17":0,"18":0,"19":0,"20":0,"21":0,"22":0,"23":0,"24":0,"25":0,"26":0,"27":0,"28":0,"29":0,"30":0,"31":0,"32":0,"33":0,"34":0,"35":0,"36":0,"37":0,"38":0,"39":0,"40":0,"41":0,"42":0},"f":{"0":0,"1":0,"2":0,"3":0,"4":0,"5":0},"b":{"0":[0],"1":[0,0],"2":[0,0],"3":[0,0],"4":[0,0],"5":[0,0]}}
,"C:\\Users\\Luciano\\Desktop\\saludrednorte\\ts-microservicios\\bff\\src\\routes\\solicitud.routes.ts": {"path":"C:\\Users\\Luciano\\Desktop\\saludrednorte\\ts-microservicios\\bff\\src\\routes\\solicitud.routes.ts","statementMap":{"0":{"start":{"line":1,"column":0},"end":{"line":1,"column":52}},"1":{"start":{"line":2,"column":0},"end":{"line":2,"column":93}},"2":{"start":{"line":4,"column":15},"end":{"line":4,"column":23}},"3":{"start":{"line":7,"column":0},"end":{"line":14,"column":3}},"4":{"start":{"line":8,"column":2},"end":{"line":13,"column":3}},"5":{"start":{"line":9,"column":21},"end":{"line":9,"column":83}},"6":{"start":{"line":10,"column":4},"end":{"line":10,"column":19}},"7":{"start":{"line":12,"column":4},"end":{"line":12,"column":98}},"8":{"start":{"line":17,"column":0},"end":{"line":25,"column":3}},"9":{"start":{"line":18,"column":2},"end":{"line":24,"column":3}},"10":{"start":{"line":19,"column":21},"end":{"line":19,"column":77}},"11":{"start":{"line":20,"column":4},"end":{"line":20,"column":19}},"12":{"start":{"line":22,"column":20},"end":{"line":22,"column":58}},"13":{"start":{"line":23,"column":4},"end":{"line":23,"column":99}},"14":{"start":{"line":28,"column":0},"end":{"line":53,"column":3}},"15":{"start":{"line":29,"column":2},"end":{"line":52,"column":3}},"16":{"start":{"line":30,"column":44},"end":{"line":30,"column":52}},"17":{"start":{"line":33,"column":32},"end":{"line":33,"column":87}},"18":{"start":{"line":36,"column":22},"end":{"line":36,"column":26}},"19":{"start":{"line":37,"column":4},"end":{"line":46,"column":5}},"20":{"start":{"line":38,"column":30},"end":{"line":42,"column":8}},"21":{"start":{"line":43,"column":6},"end":{"line":43,"column":26}},"22":{"start":{"line":45,"column":6},"end":{"line":45,"column":108}},"23":{"start":{"line":48,"column":4},"end":{"line":48,"column":56}},"24":{"start":{"line":50,"column":20},"end":{"line":50,"column":58}},"25":{"start":{"line":51,"column":4},"end":{"line":51,"column":97}},"26":{"start":{"line":56,"column":0},"end":{"line":64,"column":3}},"27":{"start":{"line":57,"column":2},"end":{"line":63,"column":3}},"28":{"start":{"line":58,"column":21},"end":{"line":58,"column":87}},"29":{"start":{"line":59,"column":4},"end":{"line":59,"column":19}},"30":{"start":{"line":61,"column":20},"end":{"line":61,"column":58}},"31":{"start":{"line":62,"column":4},"end":{"line":62,"column":102}},"32":{"start":{"line":67,"column":0},"end":{"line":75,"column":3}},"33":{"start":{"line":68,"column":2},"end":{"line":74,"column":3}},"34":{"start":{"line":69,"column":21},"end":{"line":69,"column":80}},"35":{"start":{"line":70,"column":4},"end":{"line":70,"column":19}},"36":{"start":{"line":72,"column":20},"end":{"line":72,"column":58}},"37":{"start":{"line":73,"column":4},"end":{"line":73,"column":100}},"38":{"start":{"line":77,"column":0},"end":{"line":77,"column":22}}},"fnMap":{"0":{"name":"(anonymous_0)","decl":{"start":{"line":7,"column":16},"end":{"line":7,"column":21}},"loc":{"start":{"line":7,"column":54},"end":{"line":14,"column":1}}},"1":{"name":"(anonymous_1)","decl":{"start":{"line":17,"column":19},"end":{"line":17,"column":24}},"loc":{"start":{"line":17,"column":57},"end":{"line":25,"column":1}}},"2":{"name":"(anonymous_2)","decl":{"start":{"line":28,"column":17},"end":{"line":28,"column":22}},"loc":{"start":{"line":28,"column":55},"end":{"line":53,"column":1}}},"3":{"name":"(anonymous_3)","decl":{"start":{"line":56,"column":19},"end":{"line":56,"column":24}},"loc":{"start":{"line":56,"column":57},"end":{"line":64,"column":1}}},"4":{"name":"(anonymous_4)","decl":{"start":{"line":67,"column":22},"end":{"line":67,"column":27}},"loc":{"start":{"line":67,"column":60},"end":{"line":75,"column":1}}}},"branchMap":{"0":{"loc":{"start":{"line":22,"column":20},"end":{"line":22,"column":58}},"type":"binary-expr","locations":[{"start":{"line":22,"column":20},"end":{"line":22,"column":51}},{"start":{"line":22,"column":55},"end":{"line":22,"column":58}}]},"1":{"loc":{"start":{"line":41,"column":19},"end":{"line":41,"column":40}},"type":"binary-expr","locations":[{"start":{"line":41,"column":19},"end":{"line":41,"column":28}},{"start":{"line":41,"column":32},"end":{"line":41,"column":40}}]},"2":{"loc":{"start":{"line":50,"column":20},"end":{"line":50,"column":58}},"type":"binary-expr","locations":[{"start":{"line":50,"column":20},"end":{"line":50,"column":51}},{"start":{"line":50,"column":55},"end":{"line":50,"column":58}}]},"3":{"loc":{"start":{"line":61,"column":20},"end":{"line":61,"column":58}},"type":"binary-expr","locations":[{"start":{"line":61,"column":20},"end":{"line":61,"column":51}},{"start":{"line":61,"column":55},"end":{"line":61,"column":58}}]},"4":{"loc":{"start":{"line":72,"column":20},"end":{"line":72,"column":58}},"type":"binary-expr","locations":[{"start":{"line":72,"column":20},"end":{"line":72,"column":51}},{"start":{"line":72,"column":55},"end":{"line":72,"column":58}}]}},"s":{"0":0,"1":0,"2":0,"3":0,"4":0,"5":0,"6":0,"7":0,"8":0,"9":0,"10":0,"11":0,"12":0,"13":0,"14":0,"15":0,"16":0,"17":0,"18":0,"19":0,"20":0,"21":0,"22":0,"23":0,"24":0,"25":0,"26":0,"27":0,"28":0,"29":0,"30":0,"31":0,"32":0,"33":0,"34":0,"35":0,"36":0,"37":0,"38":0},"f":{"0":0,"1":0,"2":0,"3":0,"4":0},"b":{"0":[0,0],"1":[0,0],"2":[0,0],"3":[0,0],"4":[0,0]}}
}
